2022-03-30 19:39:08,433 [Worker-2] INFO  o.e.m.c.i.l.LifecycleMappingFactory - Using org.eclipse.m2e.jdt.JarLifecycleMapping lifecycle mapping for MavenProject: com.seed:DemoProj:0.0.1-SNAPSHOT @ E:\TDDProj\DemoProj\pom.xml.
2022-03-30 19:39:09,087 [Worker-2] INFO  o.e.m.j.i.AbstractJavaProjectConfigurator - Adding source folder /DemoProj/src/main/java
2022-03-30 19:39:09,089 [Worker-2] INFO  o.e.m.j.i.AbstractJavaProjectConfigurator - Adding resource folder /DemoProj/src/main/resources
2022-03-30 19:39:09,090 [Worker-2] INFO  o.e.m.j.i.AbstractJavaProjectConfigurator - Adding source folder /DemoProj/src/test/java
2022-03-30 19:39:09,090 [Worker-2] INFO  o.e.m.j.i.AbstractJavaProjectConfigurator - Adding resource folder /DemoProj/src/test/resources
2022-03-30 19:39:09,856 [Worker-7] WARN  o.e.m.c.i.embedder.EclipseLogger - Using platform encoding (Cp1252 actually) to copy filtered resources, i.e. build is platform dependent!
2022-03-30 19:39:09,860 [Worker-7] INFO  o.e.m.c.i.embedder.EclipseLogger - Copying 0 resource
2022-03-30 19:39:09,861 [Worker-7] WARN  o.e.m.c.i.embedder.EclipseLogger - Using platform encoding (Cp1252 actually) to copy filtered resources, i.e. build is platform dependent!
2022-03-30 19:39:09,862 [Worker-7] INFO  o.e.m.c.i.embedder.EclipseLogger - Copying 0 resource
2022-03-30 19:39:38,975 [Worker-7] WARN  o.e.m.c.i.embedder.EclipseLogger - Using platform encoding (Cp1252 actually) to copy filtered resources, i.e. build is platform dependent!
2022-03-30 19:39:38,979 [Worker-7] INFO  o.e.m.c.i.embedder.EclipseLogger - Copying 0 resource
2022-03-30 19:39:38,980 [Worker-7] WARN  o.e.m.c.i.embedder.EclipseLogger - Using platform encoding (Cp1252 actually) to copy filtered resources, i.e. build is platform dependent!
2022-03-30 19:39:38,981 [Worker-7] INFO  o.e.m.c.i.embedder.EclipseLogger - Copying 0 resource
2022-03-30 19:39:40,052 [Worker-14] WARN  o.e.m.c.i.embedder.EclipseLogger - Using platform encoding (Cp1252 actually) to copy filtered resources, i.e. build is platform dependent!
2022-03-30 19:39:40,053 [Worker-14] INFO  o.e.m.c.i.embedder.EclipseLogger - Copying 0 resource
2022-03-30 19:39:40,054 [Worker-14] WARN  o.e.m.c.i.embedder.EclipseLogger - Using platform encoding (Cp1252 actually) to copy filtered resources, i.e. build is platform dependent!
2022-03-30 19:39:40,055 [Worker-14] INFO  o.e.m.c.i.embedder.EclipseLogger - Copying 0 resource
2022-03-30 19:39:43,920 [Worker-3] WARN  o.e.m.c.i.embedder.EclipseLogger - Using platform encoding (Cp1252 actually) to copy filtered resources, i.e. build is platform dependent!
2022-03-30 19:39:43,921 [Worker-3] INFO  o.e.m.c.i.embedder.EclipseLogger - Copying 0 resource
2022-03-30 19:39:43,923 [Worker-3] WARN  o.e.m.c.i.embedder.EclipseLogger - Using platform encoding (Cp1252 actually) to copy filtered resources, i.e. build is platform dependent!
2022-03-30 19:39:43,925 [Worker-3] INFO  o.e.m.c.i.embedder.EclipseLogger - Copying 0 resource
2022-03-30 19:39:49,717 [Worker-9] WARN  o.e.m.c.i.embedder.EclipseLogger - Using platform encoding (Cp1252 actually) to copy filtered resources, i.e. build is platform dependent!
2022-03-30 19:39:49,718 [Worker-9] INFO  o.e.m.c.i.embedder.EclipseLogger - Copying 0 resource
2022-03-30 19:39:49,719 [Worker-9] WARN  o.e.m.c.i.embedder.EclipseLogger - Using platform encoding (Cp1252 actually) to copy filtered resources, i.e. build is platform dependent!
2022-03-30 19:39:49,720 [Worker-9] INFO  o.e.m.c.i.embedder.EclipseLogger - Copying 0 resource
2022-03-30 19:40:16,600 [Worker-6] WARN  o.e.m.c.i.embedder.EclipseLogger - Using platform encoding (Cp1252 actually) to copy filtered resources, i.e. build is platform dependent!
2022-03-30 19:40:16,602 [Worker-6] INFO  o.e.m.c.i.embedder.EclipseLogger - Copying 0 resource
2022-03-30 19:40:16,603 [Worker-6] WARN  o.e.m.c.i.embedder.EclipseLogger - Using platform encoding (Cp1252 actually) to copy filtered resources, i.e. build is platform dependent!
2022-03-30 19:40:16,603 [Worker-6] INFO  o.e.m.c.i.embedder.EclipseLogger - Copying 0 resource
2022-03-30 19:40:40,713 [Worker-6] WARN  o.e.m.c.i.embedder.EclipseLogger - Using platform encoding (Cp1252 actually) to copy filtered resources, i.e. build is platform dependent!
2022-03-30 19:40:40,714 [Worker-6] INFO  o.e.m.c.i.embedder.EclipseLogger - Copying 0 resource
2022-03-30 19:40:40,715 [Worker-6] WARN  o.e.m.c.i.embedder.EclipseLogger - Using platform encoding (Cp1252 actually) to copy filtered resources, i.e. build is platform dependent!
2022-03-30 19:40:40,717 [Worker-6] INFO  o.e.m.c.i.embedder.EclipseLogger - Copying 0 resource
2022-03-30 19:40:48,203 [Worker-9] WARN  o.e.m.c.i.embedder.EclipseLogger - Using platform encoding (Cp1252 actually) to copy filtered resources, i.e. build is platform dependent!
2022-03-30 19:40:48,205 [Worker-9] INFO  o.e.m.c.i.embedder.EclipseLogger - Copying 0 resource
2022-03-30 19:40:48,207 [Worker-9] WARN  o.e.m.c.i.embedder.EclipseLogger - Using platform encoding (Cp1252 actually) to copy filtered resources, i.e. build is platform dependent!
2022-03-30 19:40:48,208 [Worker-9] INFO  o.e.m.c.i.embedder.EclipseLogger - Copying 0 resource
2022-03-30 19:41:10,485 [Worker-3] WARN  o.e.m.c.i.embedder.EclipseLogger - Using platform encoding (Cp1252 actually) to copy filtered resources, i.e. build is platform dependent!
2022-03-30 19:41:10,486 [Worker-3] INFO  o.e.m.c.i.embedder.EclipseLogger - Copying 0 resource
2022-03-30 19:41:10,487 [Worker-3] WARN  o.e.m.c.i.embedder.EclipseLogger - Using platform encoding (Cp1252 actually) to copy filtered resources, i.e. build is platform dependent!
2022-03-30 19:41:10,488 [Worker-3] INFO  o.e.m.c.i.embedder.EclipseLogger - Copying 0 resource
2022-03-30 19:41:43,540 [Worker-3] INFO  o.e.m.c.i.l.LifecycleMappingFactory - Using org.eclipse.m2e.jdt.JarLifecycleMapping lifecycle mapping for MavenProject: com.seed:DemoProj:0.0.1-SNAPSHOT @ E:\TDDProj\DemoProj\pom.xml.
2022-03-30 19:41:44,389 [Worker-3] WARN  o.e.m.c.i.embedder.EclipseLogger - Using platform encoding (Cp1252 actually) to copy filtered resources, i.e. build is platform dependent!
2022-03-30 19:41:44,392 [Worker-3] INFO  o.e.m.c.i.embedder.EclipseLogger - Copying 0 resource
2022-03-30 19:41:44,394 [Worker-3] WARN  o.e.m.c.i.embedder.EclipseLogger - Using platform encoding (Cp1252 actually) to copy filtered resources, i.e. build is platform dependent!
2022-03-30 19:41:44,395 [Worker-3] INFO  o.e.m.c.i.embedder.EclipseLogger - Copying 0 resource
2022-03-30 19:41:46,344 [Worker-4] WARN  o.e.m.c.i.embedder.EclipseLogger - Using platform encoding (Cp1252 actually) to copy filtered resources, i.e. build is platform dependent!
2022-03-30 19:41:46,345 [Worker-4] INFO  o.e.m.c.i.embedder.EclipseLogger - Copying 0 resource
2022-03-30 19:41:46,346 [Worker-4] WARN  o.e.m.c.i.embedder.EclipseLogger - Using platform encoding (Cp1252 actually) to copy filtered resources, i.e. build is platform dependent!
2022-03-30 19:41:46,347 [Worker-4] INFO  o.e.m.c.i.embedder.EclipseLogger - Copying 0 resource
2022-03-30 19:42:05,055 [Worker-5] INFO  o.e.m.c.i.l.LifecycleMappingFactory - Using org.eclipse.m2e.jdt.JarLifecycleMapping lifecycle mapping for MavenProject: com.seed:DemoProj:0.0.1-SNAPSHOT @ E:\TDDProj\DemoProj\pom.xml.
2022-03-30 19:42:05,310 [Worker-5] WARN  o.e.m.c.i.embedder.EclipseLogger - Using platform encoding (Cp1252 actually) to copy filtered resources, i.e. build is platform dependent!
2022-03-30 19:42:05,312 [Worker-5] INFO  o.e.m.c.i.embedder.EclipseLogger - Copying 0 resource
2022-03-30 19:42:05,314 [Worker-5] WARN  o.e.m.c.i.embedder.EclipseLogger - Using platform encoding (Cp1252 actually) to copy filtered resources, i.e. build is platform dependent!
2022-03-30 19:42:05,315 [Worker-5] INFO  o.e.m.c.i.embedder.EclipseLogger - Copying 0 resource
2022-03-30 19:42:06,607 [Worker-8] WARN  o.e.m.c.i.embedder.EclipseLogger - Using platform encoding (Cp1252 actually) to copy filtered resources, i.e. build is platform dependent!
2022-03-30 19:42:06,608 [Worker-8] INFO  o.e.m.c.i.embedder.EclipseLogger - Copying 0 resource
2022-03-30 19:42:06,609 [Worker-8] WARN  o.e.m.c.i.embedder.EclipseLogger - Using platform encoding (Cp1252 actually) to copy filtered resources, i.e. build is platform dependent!
2022-03-30 19:42:06,610 [Worker-8] INFO  o.e.m.c.i.embedder.EclipseLogger - Copying 0 resource
2022-03-30 19:42:14,056 [Worker-1] INFO  o.e.m.c.i.p.ProjectConfigurationManager - Update started
2022-03-30 19:42:14,445 [Worker-1] INFO  o.e.m.c.i.l.LifecycleMappingFactory - Using org.eclipse.m2e.jdt.JarLifecycleMapping lifecycle mapping for MavenProject: com.seed:DemoProj:0.0.1-SNAPSHOT @ E:\TDDProj\DemoProj\pom.xml.
2022-03-30 19:42:14,666 [Worker-1] INFO  o.e.m.j.i.AbstractJavaProjectConfigurator - Adding source folder /DemoProj/src/main/java
2022-03-30 19:42:14,666 [Worker-1] INFO  o.e.m.j.i.AbstractJavaProjectConfigurator - Adding resource folder /DemoProj/src/main/resources
2022-03-30 19:42:14,666 [Worker-1] INFO  o.e.m.j.i.AbstractJavaProjectConfigurator - Adding source folder /DemoProj/src/test/java
2022-03-30 19:42:14,666 [Worker-1] INFO  o.e.m.j.i.AbstractJavaProjectConfigurator - Adding resource folder /DemoProj/src/test/resources
2022-03-30 19:42:14,755 [Worker-1] INFO  o.e.m.c.i.p.ProjectConfigurationManager - Update completed: 0 sec
2022-03-30 19:42:14,933 [Worker-15] WARN  o.e.m.c.i.embedder.EclipseLogger - Using platform encoding (Cp1252 actually) to copy filtered resources, i.e. build is platform dependent!
2022-03-30 19:42:14,934 [Worker-15] INFO  o.e.m.c.i.embedder.EclipseLogger - Copying 0 resource
2022-03-30 19:42:14,935 [Worker-15] WARN  o.e.m.c.i.embedder.EclipseLogger - Using platform encoding (Cp1252 actually) to copy filtered resources, i.e. build is platform dependent!
2022-03-30 19:42:14,936 [Worker-15] INFO  o.e.m.c.i.embedder.EclipseLogger - Copying 0 resource
2022-03-30 19:42:50,181 [Worker-6] WARN  o.e.r.models.ModelRepository - Failed to download org.eclipse.recommenders:index::zip:0.0.0
org.eclipse.aether.resolution.ArtifactResolutionException: Could not find artifact org.eclipse.recommenders:index:zip:0.0.0-SNAPSHOT in models (http://download.eclipse.org/recommenders/models/mars/)
	at org.eclipse.aether.internal.impl.DefaultArtifactResolver.resolve(DefaultArtifactResolver.java:444) ~[na:na]
	at org.eclipse.aether.internal.impl.DefaultArtifactResolver.resolveArtifacts(DefaultArtifactResolver.java:246) ~[na:na]
	at org.eclipse.aether.internal.impl.DefaultArtifactResolver.resolveArtifact(DefaultArtifactResolver.java:223) ~[na:na]
	at org.eclipse.aether.internal.impl.DefaultRepositorySystem.resolveArtifact(DefaultRepositorySystem.java:294) ~[na:na]
	at org.eclipse.recommenders.models.ModelRepository.resolveInternal(ModelRepository.java:192) [org.eclipse.recommenders.models_2.3.0.v20160216-1255.jar:na]
	at org.eclipse.recommenders.models.ModelRepository.resolve(ModelRepository.java:174) [org.eclipse.recommenders.models_2.3.0.v20160216-1255.jar:na]
	at org.eclipse.recommenders.internal.models.rcp.EclipseModelRepository.resolve(EclipseModelRepository.java:165) [org.eclipse.recommenders.models.rcp_2.3.0.v20160216-1255.jar:na]
	at org.eclipse.recommenders.internal.models.rcp.DownloadModelArchiveJob.run(DownloadModelArchiveJob.java:76) [org.eclipse.recommenders.models.rcp_2.3.0.v20160216-1255.jar:na]
	at org.eclipse.core.internal.jobs.Worker.run(Worker.java:55) [org.eclipse.core.jobs_3.7.0.v20150330-2103.jar:na]
Caused by: org.eclipse.aether.transfer.ArtifactNotFoundException: Could not find artifact org.eclipse.recommenders:index:zip:0.0.0-SNAPSHOT in models (http://download.eclipse.org/recommenders/models/mars/)
	at org.eclipse.aether.connector.basic.ArtifactTransportListener.transferFailed(ArtifactTransportListener.java:39) ~[org.eclipse.aether.connector.basic_1.0.1.v20141111.jar:na]
	at org.eclipse.aether.connector.basic.BasicRepositoryConnector$TaskRunner.run(BasicRepositoryConnector.java:355) ~[org.eclipse.aether.connector.basic_1.0.1.v20141111.jar:na]
	at org.eclipse.aether.util.concurrency.RunnableErrorForwarder$1.run(RunnableErrorForwarder.java:67) ~[na:na]
	at org.eclipse.aether.connector.basic.BasicRepositoryConnector$DirectExecutor.execute(BasicRepositoryConnector.java:581) ~[org.eclipse.aether.connector.basic_1.0.1.v20141111.jar:na]
	at org.eclipse.aether.connector.basic.BasicRepositoryConnector.get(BasicRepositoryConnector.java:249) ~[org.eclipse.aether.connector.basic_1.0.1.v20141111.jar:na]
	at org.eclipse.aether.internal.impl.DefaultArtifactResolver.performDownloads(DefaultArtifactResolver.java:520) ~[na:na]
	at org.eclipse.aether.internal.impl.DefaultArtifactResolver.resolve(DefaultArtifactResolver.java:421) ~[na:na]
	... 8 common frames omitted
2022-03-30 19:43:42,492 [Worker-11] WARN  o.e.m.c.i.embedder.EclipseLogger - Using platform encoding (Cp1252 actually) to copy filtered resources, i.e. build is platform dependent!
2022-03-30 19:43:42,494 [Worker-11] INFO  o.e.m.c.i.embedder.EclipseLogger - Copying 0 resource
2022-03-30 19:43:42,495 [Worker-11] WARN  o.e.m.c.i.embedder.EclipseLogger - Using platform encoding (Cp1252 actually) to copy filtered resources, i.e. build is platform dependent!
2022-03-30 19:43:42,496 [Worker-11] INFO  o.e.m.c.i.embedder.EclipseLogger - Copying 0 resource
2022-03-30 19:43:49,464 [Worker-9] INFO  o.e.m.i.launch.MavenLaunchDelegate - E:\TDDProj\DemoProj
2022-03-30 19:43:49,465 [Worker-9] INFO  o.e.m.i.launch.MavenLaunchDelegate -  mvn  -B test
2022-03-30 19:43:51,595 [Worker-10] WARN  o.e.m.c.i.embedder.EclipseLogger - Using platform encoding (Cp1252 actually) to copy filtered resources, i.e. build is platform dependent!
2022-03-30 19:43:51,597 [Worker-10] INFO  o.e.m.c.i.embedder.EclipseLogger - Copying 0 resource
2022-03-30 19:43:51,599 [Worker-10] WARN  o.e.m.c.i.embedder.EclipseLogger - Using platform encoding (Cp1252 actually) to copy filtered resources, i.e. build is platform dependent!
2022-03-30 19:43:51,599 [Worker-10] INFO  o.e.m.c.i.embedder.EclipseLogger - Copying 0 resource
2022-03-30 19:44:35,288 [Worker-6] WARN  o.e.m.c.i.embedder.EclipseLogger - Using platform encoding (Cp1252 actually) to copy filtered resources, i.e. build is platform dependent!
2022-03-30 19:44:35,289 [Worker-6] INFO  o.e.m.c.i.embedder.EclipseLogger - Copying 0 resource
2022-03-30 19:44:35,290 [Worker-6] WARN  o.e.m.c.i.embedder.EclipseLogger - Using platform encoding (Cp1252 actually) to copy filtered resources, i.e. build is platform dependent!
2022-03-30 19:44:35,290 [Worker-6] INFO  o.e.m.c.i.embedder.EclipseLogger - Copying 0 resource
2022-03-30 19:44:52,357 [Worker-6] INFO  o.e.m.i.launch.MavenLaunchDelegate - E:\TDDProj\DemoProj
2022-03-30 19:44:52,357 [Worker-6] INFO  o.e.m.i.launch.MavenLaunchDelegate -  mvn  -B test
2022-03-30 19:44:54,444 [Worker-12] WARN  o.e.m.c.i.embedder.EclipseLogger - Using platform encoding (Cp1252 actually) to copy filtered resources, i.e. build is platform dependent!
2022-03-30 19:44:54,446 [Worker-12] INFO  o.e.m.c.i.embedder.EclipseLogger - Copying 0 resource
2022-03-30 19:44:54,447 [Worker-12] WARN  o.e.m.c.i.embedder.EclipseLogger - Using platform encoding (Cp1252 actually) to copy filtered resources, i.e. build is platform dependent!
2022-03-30 19:44:54,448 [Worker-12] INFO  o.e.m.c.i.embedder.EclipseLogger - Copying 0 resource
2022-03-30 19:50:30,784 [Worker-10] WARN  o.e.m.c.i.embedder.EclipseLogger - Using platform encoding (Cp1252 actually) to copy filtered resources, i.e. build is platform dependent!
2022-03-30 19:50:30,784 [Worker-10] INFO  o.e.m.c.i.embedder.EclipseLogger - Copying 0 resource
2022-03-30 19:50:30,785 [Worker-10] WARN  o.e.m.c.i.embedder.EclipseLogger - Using platform encoding (Cp1252 actually) to copy filtered resources, i.e. build is platform dependent!
2022-03-30 19:50:30,785 [Worker-10] INFO  o.e.m.c.i.embedder.EclipseLogger - Copying 0 resource
2022-03-30 19:50:37,672 [Worker-14] INFO  o.e.m.i.launch.MavenLaunchDelegate - E:\TDDProj\DemoProj
2022-03-30 19:50:37,672 [Worker-14] INFO  o.e.m.i.launch.MavenLaunchDelegate -  mvn  -B test
2022-03-30 19:50:41,993 [Worker-9] WARN  o.e.m.c.i.embedder.EclipseLogger - Using platform encoding (Cp1252 actually) to copy filtered resources, i.e. build is platform dependent!
2022-03-30 19:50:41,994 [Worker-9] INFO  o.e.m.c.i.embedder.EclipseLogger - Copying 0 resource
2022-03-30 19:50:41,995 [Worker-9] WARN  o.e.m.c.i.embedder.EclipseLogger - Using platform encoding (Cp1252 actually) to copy filtered resources, i.e. build is platform dependent!
2022-03-30 19:50:41,996 [Worker-9] INFO  o.e.m.c.i.embedder.EclipseLogger - Copying 0 resource
2022-03-30 19:50:54,627 [Worker-14] WARN  o.e.m.c.i.embedder.EclipseLogger - Using platform encoding (Cp1252 actually) to copy filtered resources, i.e. build is platform dependent!
2022-03-30 19:50:54,628 [Worker-14] INFO  o.e.m.c.i.embedder.EclipseLogger - Copying 0 resource
2022-03-30 19:50:54,629 [Worker-14] WARN  o.e.m.c.i.embedder.EclipseLogger - Using platform encoding (Cp1252 actually) to copy filtered resources, i.e. build is platform dependent!
2022-03-30 19:50:54,630 [Worker-14] INFO  o.e.m.c.i.embedder.EclipseLogger - Copying 0 resource
2022-03-30 19:51:00,619 [Worker-9] INFO  o.e.m.i.launch.MavenLaunchDelegate - E:\TDDProj\DemoProj
2022-03-30 19:51:00,619 [Worker-9] INFO  o.e.m.i.launch.MavenLaunchDelegate -  mvn  -B test
2022-03-30 19:51:04,747 [Worker-14] WARN  o.e.m.c.i.embedder.EclipseLogger - Using platform encoding (Cp1252 actually) to copy filtered resources, i.e. build is platform dependent!
2022-03-30 19:51:04,748 [Worker-14] INFO  o.e.m.c.i.embedder.EclipseLogger - Copying 0 resource
2022-03-30 19:51:04,750 [Worker-14] WARN  o.e.m.c.i.embedder.EclipseLogger - Using platform encoding (Cp1252 actually) to copy filtered resources, i.e. build is platform dependent!
2022-03-30 19:51:04,752 [Worker-14] INFO  o.e.m.c.i.embedder.EclipseLogger - Copying 0 resource
2022-03-30 19:51:14,500 [Worker-17] WARN  o.e.m.c.i.embedder.EclipseLogger - Using platform encoding (Cp1252 actually) to copy filtered resources, i.e. build is platform dependent!
2022-03-30 19:51:14,501 [Worker-17] INFO  o.e.m.c.i.embedder.EclipseLogger - Copying 0 resource
2022-03-30 19:51:14,501 [Worker-17] WARN  o.e.m.c.i.embedder.EclipseLogger - Using platform encoding (Cp1252 actually) to copy filtered resources, i.e. build is platform dependent!
2022-03-30 19:51:14,502 [Worker-17] INFO  o.e.m.c.i.embedder.EclipseLogger - Copying 0 resource
2022-03-30 19:51:21,573 [main] INFO  o.e.m2e.actions.ExecutePomAction - Creating new launch configuration
2022-03-30 19:51:35,969 [Worker-19] INFO  o.e.m.i.launch.MavenLaunchDelegate - E:\TDDProj\DemoProj
2022-03-30 19:51:35,969 [Worker-19] INFO  o.e.m.i.launch.MavenLaunchDelegate -  mvn  -B test
2022-03-30 19:51:40,009 [Worker-19] WARN  o.e.m.c.i.embedder.EclipseLogger - Using platform encoding (Cp1252 actually) to copy filtered resources, i.e. build is platform dependent!
2022-03-30 19:51:40,011 [Worker-19] INFO  o.e.m.c.i.embedder.EclipseLogger - Copying 0 resource
2022-03-30 19:51:40,012 [Worker-19] WARN  o.e.m.c.i.embedder.EclipseLogger - Using platform encoding (Cp1252 actually) to copy filtered resources, i.e. build is platform dependent!
2022-03-30 19:51:40,013 [Worker-19] INFO  o.e.m.c.i.embedder.EclipseLogger - Copying 0 resource
2022-03-30 19:53:52,155 [Worker-18] WARN  o.e.m.c.i.embedder.EclipseLogger - Using platform encoding (Cp1252 actually) to copy filtered resources, i.e. build is platform dependent!
2022-03-30 19:53:52,157 [Worker-18] INFO  o.e.m.c.i.embedder.EclipseLogger - Copying 0 resource
2022-03-30 19:53:52,158 [Worker-18] WARN  o.e.m.c.i.embedder.EclipseLogger - Using platform encoding (Cp1252 actually) to copy filtered resources, i.e. build is platform dependent!
2022-03-30 19:53:52,159 [Worker-18] INFO  o.e.m.c.i.embedder.EclipseLogger - Copying 0 resource
2022-03-30 19:53:53,169 [Worker-19] WARN  o.e.m.c.i.embedder.EclipseLogger - Using platform encoding (Cp1252 actually) to copy filtered resources, i.e. build is platform dependent!
2022-03-30 19:53:53,170 [Worker-19] INFO  o.e.m.c.i.embedder.EclipseLogger - Copying 0 resource
2022-03-30 19:53:53,171 [Worker-19] WARN  o.e.m.c.i.embedder.EclipseLogger - Using platform encoding (Cp1252 actually) to copy filtered resources, i.e. build is platform dependent!
2022-03-30 19:53:53,172 [Worker-19] INFO  o.e.m.c.i.embedder.EclipseLogger - Copying 0 resource
2022-03-30 19:55:57,123 [Worker-16] WARN  o.e.m.c.i.embedder.EclipseLogger - Using platform encoding (Cp1252 actually) to copy filtered resources, i.e. build is platform dependent!
2022-03-30 19:55:57,124 [Worker-16] INFO  o.e.m.c.i.embedder.EclipseLogger - Copying 0 resource
2022-03-30 19:55:57,125 [Worker-16] WARN  o.e.m.c.i.embedder.EclipseLogger - Using platform encoding (Cp1252 actually) to copy filtered resources, i.e. build is platform dependent!
2022-03-30 19:55:57,126 [Worker-16] INFO  o.e.m.c.i.embedder.EclipseLogger - Copying 0 resource
2022-03-30 19:55:58,187 [Worker-10] WARN  o.e.m.c.i.embedder.EclipseLogger - Using platform encoding (Cp1252 actually) to copy filtered resources, i.e. build is platform dependent!
2022-03-30 19:55:58,189 [Worker-10] INFO  o.e.m.c.i.embedder.EclipseLogger - Copying 0 resource
2022-03-30 19:55:58,190 [Worker-10] WARN  o.e.m.c.i.embedder.EclipseLogger - Using platform encoding (Cp1252 actually) to copy filtered resources, i.e. build is platform dependent!
2022-03-30 19:55:58,192 [Worker-10] INFO  o.e.m.c.i.embedder.EclipseLogger - Copying 0 resource
